<?xml version="1.0" encoding="UTF-8"?>
<!-- Generated by org.testng.reporters.JUnitReportReporter -->
<testsuite hostname="DESKTOP-JECC7QJ" failures="0" tests="1" name="Mavensample.proj.facebookTestCase" time="71.821" errors="0" timestamp="08 Feb 2020 07:22:41 GMT" skipped="0">
  <testcase classname="Mavensample.proj.facebookTestCase" name="Login" time="71.821"/>
</testsuite> <!-- Mavensample.proj.facebookTestCase -->
