<?xml version="1.0" encoding="UTF-8"?>
<!-- Generated by org.testng.reporters.JUnitReportReporter -->
<testsuite hostname="DESKTOP-JECC7QJ" failures="0" tests="1" name="Mavensample.proj.googleTestCase" time="38.493" errors="0" timestamp="15 Jan 2020 03:13:08 GMT" skipped="0">
  <testcase classname="Mavensample.proj.googleTestCase" name="google" time="38.493"/>
</testsuite> <!-- Mavensample.proj.googleTestCase -->
