<?xml version="1.0" encoding="UTF-8"?>
<!-- Generated by org.testng.reporters.JUnitReportReporter -->
<testsuite hostname="DESKTOP-JECC7QJ" failures="0" tests="1" name="Mavensample.proj.googleTestCase" time="44.464" errors="0" timestamp="08 Feb 2020 07:22:40 GMT" skipped="0">
  <testcase classname="Mavensample.proj.googleTestCase" name="google" time="44.464"/>
</testsuite> <!-- Mavensample.proj.googleTestCase -->
